<?xml version="1.0" encoding="UTF-8"?>
<testng-results ignored="0" total="1" passed="1" failed="0" skipped="0">
  <reporter-output>
  </reporter-output>
  <suite started-at="2022-01-06T11:49:53 IST" name="Default suite" finished-at="2022-01-06T11:50:13 IST" duration-ms="20597">
    <groups>
    </groups>
    <test started-at="2022-01-06T11:49:53 IST" name="Default test" finished-at="2022-01-06T11:50:13 IST" duration-ms="20597">
      <class name="com.mystore.testcases.AddToCartPageTest">
        <test-method is-config="true" signature="loadConfig()[pri:0, instance:com.mystore.testcases.AddToCartPageTest@1ca3b418]" started-at="2022-01-06T11:49:53 IST" name="loadConfig" finished-at="2022-01-06T11:49:53 IST" duration-ms="9" status="PASS">
          <reporter-output>
          </reporter-output>
        </test-method> <!-- loadConfig -->
        <test-method is-config="true" signature="setup()[pri:0, instance:com.mystore.testcases.AddToCartPageTest@1ca3b418]" started-at="2022-01-06T11:49:53 IST" name="setup" finished-at="2022-01-06T11:50:01 IST" duration-ms="8501" status="PASS">
          <reporter-output>
          </reporter-output>
        </test-method> <!-- setup -->
        <test-method signature="addToCartTest()[pri:0, instance:com.mystore.testcases.AddToCartPageTest@1ca3b418]" started-at="2022-01-06T11:50:01 IST" name="addToCartTest" finished-at="2022-01-06T11:50:13 IST" duration-ms="11193" status="PASS">
          <reporter-output>
          </reporter-output>
        </test-method> <!-- addToCartTest -->
        <test-method is-config="true" signature="tearDown()[pri:0, instance:com.mystore.testcases.AddToCartPageTest@1ca3b418]" started-at="2022-01-06T11:50:13 IST" name="tearDown" finished-at="2022-01-06T11:50:13 IST" duration-ms="828" status="PASS">
          <reporter-output>
          </reporter-output>
        </test-method> <!-- tearDown -->
      </class> <!-- com.mystore.testcases.AddToCartPageTest -->
    </test> <!-- Default test -->
  </suite> <!-- Default suite -->
</testng-results>
